<?xml version="1.0" encoding="UTF-8"?>
<!-- Generated by org.testng.reporters.JUnitReportReporter -->
<testsuite skipped="0" hostname="HOME-PC" name="name2.testclass" tests="4" failures="0" timestamp="24 Dec 2019 08:34:12 GMT" time="6.828" errors="0">
  <testcase name="toclick" time="5.962" classname="name2.testclass"/>
  <testcase name="verifytshirtpage" time="0.342" classname="name2.testclass"/>
  <testcase name="verifydresspage" time="0.133" classname="name2.testclass"/>
  <testcase name="verifyWomenpage" time="0.391" classname="name2.testclass"/>
</testsuite> <!-- name2.testclass -->
