<?xml version="1.0" encoding="UTF-8"?>
<!-- Generated by org.testng.reporters.JUnitReportReporter -->
<testsuite skipped="0" hostname="HOME-PC" name="name2.Hw3test" tests="1" failures="0" timestamp="30 Dec 2019 09:19:19 GMT" time="3.447" errors="0">
  <testcase name="verifypagecount" time="3.447" classname="name2.Hw3test"/>
</testsuite> <!-- name2.Hw3test -->
