<?xml version="1.0" encoding="UTF-8"?>
<!-- Generated by org.testng.reporters.JUnitReportReporter -->
<testsuite hostname="HOME-PC" name="name2.Hw2test" tests="4" failures="0" timestamp="3 Jan 2020 08:48:58 GMT" time="3.687" errors="0">
  <testcase name="verifyWomenpage" time="3.447" classname="name2.Hw2test"/>
  <testcase name="verifylarge" time="0.082" classname="name2.Hw2test"/>
  <testcase name="verifysmall" time="0.078" classname="name2.Hw2test"/>
  <testcase name="verifymedium" time="0.080" classname="name2.Hw2test"/>
</testsuite> <!-- name2.Hw2test -->
