<?xml version="1.0" encoding="UTF-8"?>
<!-- Generated by org.testng.reporters.JUnitReportReporter -->
<testsuite hostname="HOME-PC" name="name2.testclass" tests="4" failures="0" timestamp="3 Jan 2020 08:48:58 GMT" time="12.420" errors="0">
  <testcase name="verifyWomenpage" time="0.170" classname="name2.testclass"/>
  <testcase name="verifydresspage" time="0.088" classname="name2.testclass"/>
  <testcase name="toclick" time="12.099" classname="name2.testclass"/>
  <testcase name="verifytshirtpage" time="0.063" classname="name2.testclass"/>
</testsuite> <!-- name2.testclass -->
