<?xml version="1.0" encoding="UTF-8"?>
<!-- Generated by org.testng.reporters.JUnitReportReporter -->
<testsuite hostname="HOME-PC" name="name2.Hw3test" tests="1" failures="0" timestamp="3 Jan 2020 08:48:58 GMT" time="3.774" errors="0">
  <testcase name="verifypagecount" time="3.774" classname="name2.Hw3test"/>
</testsuite> <!-- name2.Hw3test -->
